<?xml version="1.0" encoding="UTF-8"?>
<testsuite xmlns:xsi="http://www.w3.org/2001/XMLSchema-instance" xsi:noNamespaceSchemaLocation="https://maven.apache.org/surefire/maven-surefire-plugin/xsd/surefire-test-report-3.0.xsd" version="3.0" name="com.arjun.dockerDemo.DockerDemoApplicationTests" time="0.936" tests="1" errors="0" skipped="0" failures="0">
  <properties>
[...]
</properties>
  <testcase name="contextLoads" classname="com.arjun.dockerDemo.DockerDemoApplicationTests" time="0.341">
    <system-out><![CDATA[22:45:35.003 [main] INFO org.springframework.test.context.support.AnnotationConfigContextLoaderUtils -- Could not detect default configuration classes for test class [com.arjun.dockerDemo.DockerDemoApplicationTests]: DockerDemoApplicationTests does not declare any static, non-private, non-final, nested classes annotated with @Configuration.
22:45:35.040 [main] INFO org.springframework.boot.test.context.SpringBootTestContextBootstrapper -- Found @SpringBootConfiguration com.arjun.dockerDemo.DockerDemoApplication for test class com.arjun.dockerDemo.DockerDemoApplicationTests

  .   ____          _            __ _ _
 /\\ / ___'_ __ _ _(_)_ __  __ _ \ \ \ \
( ( )\___ | '_ | '_| | '_ \/ _` | \ \ \ \
 \\/  ___)| |_)| | | | | || (_| |  ) ) ) )
  '  |____| .__|_| |_|_| |_\__, | / / / /
 =========|_|==============|___/=/_/_/_/
 :: Spring Boot ::                (v3.2.6)

2024-06-04T22:45:35.164+05:30  INFO 3905 --- [dockerDemo] [           main] c.a.d.DockerDemoApplicationTests         : Starting DockerDemoApplicationTests using Java 17.0.11 with PID 3905 (started by arjunrajeev in /Users/arjunrajeev/Desktop/AR/projects/dockerDemo)
2024-06-04T22:45:35.164+05:30  INFO 3905 --- [dockerDemo] [           main] c.a.d.DockerDemoApplicationTests         : No active profile set, falling back to 1 default profile: "default"
2024-06-04T22:45:35.532+05:30  INFO 3905 --- [dockerDemo] [           main] c.a.d.DockerDemoApplicationTests         : Started DockerDemoApplicationTests in 0.448 seconds (process running for 0.772)
]]></system-out>
  </testcase>
</testsuite>